-------------------------------------------------------------------------------
Test set: edu.yu.cs.com1320.project.stage2.DocumentStoreImpl1Test
-------------------------------------------------------------------------------
Tests run: 11, Failures: 2, Errors: 4, Skipped: 0, Time elapsed: 0.071 s <<< FAILURE! - in edu.yu.cs.com1320.project.stage2.DocumentStoreImpl1Test
edu.yu.cs.com1320.project.stage2.DocumentStoreImpl1Test.testUndoURIThrowsException  Time elapsed: 0.004 s  <<< ERROR!
java.lang.IllegalArgumentException: Element does not exist in heap.
	at edu.yu.cs.com1320.project.stage2.DocumentStoreImpl1Test.testUndoURIThrowsException(DocumentStoreImpl1Test.java:107)

edu.yu.cs.com1320.project.stage2.DocumentStoreImpl1Test.getDocument  Time elapsed: 0.002 s  <<< FAILURE!
java.lang.AssertionError
	at edu.yu.cs.com1320.project.stage2.DocumentStoreImpl1Test.getDocument(DocumentStoreImpl1Test.java:201)

edu.yu.cs.com1320.project.stage2.DocumentStoreImpl1Test.testUndoURIComplex  Time elapsed: 0.002 s  <<< ERROR!
java.lang.NullPointerException
	at edu.yu.cs.com1320.project.stage2.DocumentStoreImpl1Test.testUndoURIComplex(DocumentStoreImpl1Test.java:161)

edu.yu.cs.com1320.project.stage2.DocumentStoreImpl1Test.testUndoThrowsException  Time elapsed: 0.002 s  <<< ERROR!
java.lang.IllegalArgumentException: Element does not exist in heap.
	at edu.yu.cs.com1320.project.stage2.DocumentStoreImpl1Test.testUndoThrowsException(DocumentStoreImpl1Test.java:53)

edu.yu.cs.com1320.project.stage2.DocumentStoreImpl1Test.testUndoURIBasic  Time elapsed: 0.002 s  <<< ERROR!
java.lang.IllegalArgumentException: Element does not exist in heap.
	at edu.yu.cs.com1320.project.stage2.DocumentStoreImpl1Test.testUndoURIBasic(DocumentStoreImpl1Test.java:82)

edu.yu.cs.com1320.project.stage2.DocumentStoreImpl1Test.deleteDocuments  Time elapsed: 0.003 s  <<< FAILURE!
org.opentest4j.AssertionFailedError: expected: <true> but was: <false>
	at edu.yu.cs.com1320.project.stage2.DocumentStoreImpl1Test.deleteDocuments(DocumentStoreImpl1Test.java:233)

