-------------------------------------------------------------------------------
Test set: edu.yu.cs.com1320.project.stage2.DocumentStoreImpl2Test
-------------------------------------------------------------------------------
Tests run: 7, Failures: 0, Errors: 5, Skipped: 0, Time elapsed: 0.035 s <<< FAILURE! - in edu.yu.cs.com1320.project.stage2.DocumentStoreImpl2Test
edu.yu.cs.com1320.project.stage2.DocumentStoreImpl2Test.search  Time elapsed: 0.002 s  <<< ERROR!
java.lang.NullPointerException
	at edu.yu.cs.com1320.project.stage2.DocumentStoreImpl2Test.search(DocumentStoreImpl2Test.java:181)

edu.yu.cs.com1320.project.stage2.DocumentStoreImpl2Test.searchByPrefix  Time elapsed: 0.004 s  <<< ERROR!
java.lang.NullPointerException
	at edu.yu.cs.com1320.project.stage2.DocumentStoreImpl2Test.searchByPrefix(DocumentStoreImpl2Test.java:204)

edu.yu.cs.com1320.project.stage2.DocumentStoreImpl2Test.deleteAll  Time elapsed: 0.003 s  <<< ERROR!
java.lang.NullPointerException
	at edu.yu.cs.com1320.project.stage2.DocumentStoreImpl2Test.deleteAll(DocumentStoreImpl2Test.java:223)

edu.yu.cs.com1320.project.stage2.DocumentStoreImpl2Test.undoURIComplex  Time elapsed: 0.001 s  <<< ERROR!
java.lang.NullPointerException
	at edu.yu.cs.com1320.project.stage2.DocumentStoreImpl2Test.undoURIComplex(DocumentStoreImpl2Test.java:91)

edu.yu.cs.com1320.project.stage2.DocumentStoreImpl2Test.deleteAllWithPrefix  Time elapsed: 0.003 s  <<< ERROR!
java.lang.NullPointerException
	at edu.yu.cs.com1320.project.stage2.DocumentStoreImpl2Test.deleteAllWithPrefix(DocumentStoreImpl2Test.java:238)

