-------------------------------------------------------------------------------
Test set: edu.yu.cs.com1320.project.stage4.DocumentStoreImpl4Test
-------------------------------------------------------------------------------
Tests run: 10, Failures: 5, Errors: 4, Skipped: 0, Time elapsed: 0.25 s <<< FAILURE! - in edu.yu.cs.com1320.project.stage4.DocumentStoreImpl4Test
edu.yu.cs.com1320.project.stage4.DocumentStoreImpl4Test.setMaxDocumentBytes  Time elapsed: 0.129 s  <<< FAILURE!
org.opentest4j.AssertionFailedError: expected: <null> but was: <edu.yu.cs.com1320.project.stage5.impl.DocumentImpl@304845a>
	at edu.yu.cs.com1320.project.stage4.DocumentStoreImpl4Test.setMaxDocumentBytes(DocumentStoreImpl4Test.java:195)

edu.yu.cs.com1320.project.stage4.DocumentStoreImpl4Test.setMaxDocumentCount  Time elapsed: 0.006 s  <<< FAILURE!
org.opentest4j.AssertionFailedError: expected: <null> but was: <edu.yu.cs.com1320.project.stage5.impl.DocumentImpl@470ff9c3>
	at edu.yu.cs.com1320.project.stage4.DocumentStoreImpl4Test.setMaxDocumentCount(DocumentStoreImpl4Test.java:100)

edu.yu.cs.com1320.project.stage4.DocumentStoreImpl4Test.setMaxDocumentCountToLessThanZeroOr0  Time elapsed: 0.009 s  <<< ERROR!
java.lang.IllegalArgumentException: Document is too large to fit in Store.
	at edu.yu.cs.com1320.project.stage4.DocumentStoreImpl4Test.setMaxDocumentCountToLessThanZeroOr0(DocumentStoreImpl4Test.java:129)

edu.yu.cs.com1320.project.stage4.DocumentStoreImpl4Test.checkUndoFromCommandSetDocCounter  Time elapsed: 0.006 s  <<< ERROR!
java.lang.NullPointerException
	at edu.yu.cs.com1320.project.stage4.DocumentStoreImpl4Test.checkUndoFromCommandSetDocCounter(DocumentStoreImpl4Test.java:154)

edu.yu.cs.com1320.project.stage4.DocumentStoreImpl4Test.checkUndoFromCommandSetBytes  Time elapsed: 0.006 s  <<< ERROR!
java.lang.NullPointerException
	at edu.yu.cs.com1320.project.stage4.DocumentStoreImpl4Test.checkUndoFromCommandSetBytes(DocumentStoreImpl4Test.java:249)

edu.yu.cs.com1320.project.stage4.DocumentStoreImpl4Test.setMaxDocumentCountToLessThanCurrent  Time elapsed: 0.009 s  <<< FAILURE!
org.opentest4j.AssertionFailedError: expected: <null> but was: <edu.yu.cs.com1320.project.stage5.impl.DocumentImpl@83af1fa3>
	at edu.yu.cs.com1320.project.stage4.DocumentStoreImpl4Test.setMaxDocumentCountToLessThanCurrent(DocumentStoreImpl4Test.java:117)

edu.yu.cs.com1320.project.stage4.DocumentStoreImpl4Test.setMaxDocumentBytesToLessThanCurrent  Time elapsed: 0.037 s  <<< FAILURE!
org.opentest4j.AssertionFailedError: expected: <null> but was: <edu.yu.cs.com1320.project.stage5.impl.DocumentImpl@5b285f27>
	at edu.yu.cs.com1320.project.stage4.DocumentStoreImpl4Test.setMaxDocumentBytesToLessThanCurrent(DocumentStoreImpl4Test.java:211)

edu.yu.cs.com1320.project.stage4.DocumentStoreImpl4Test.bothSettersSet  Time elapsed: 0.006 s  <<< FAILURE!
org.opentest4j.AssertionFailedError: expected: <null> but was: <edu.yu.cs.com1320.project.stage5.impl.DocumentImpl@304845a>
	at edu.yu.cs.com1320.project.stage4.DocumentStoreImpl4Test.bothSettersSet(DocumentStoreImpl4Test.java:278)

edu.yu.cs.com1320.project.stage4.DocumentStoreImpl4Test.setMaxDocumentBytesToLessThanZeroAnd0  Time elapsed: 0.027 s  <<< ERROR!
java.lang.IllegalArgumentException: Document is too large to fit in Store.
	at edu.yu.cs.com1320.project.stage4.DocumentStoreImpl4Test.setMaxDocumentBytesToLessThanZeroAnd0(DocumentStoreImpl4Test.java:223)

