-------------------------------------------------------------------------------
Test set: edu.yu.cs.com1320.project.stage4.impl.DocumentStoreImplTest
-------------------------------------------------------------------------------
Tests run: 31, Failures: 8, Errors: 0, Skipped: 0, Time elapsed: 0.086 s <<< FAILURE! - in edu.yu.cs.com1320.project.stage4.impl.DocumentStoreImplTest
edu.yu.cs.com1320.project.stage4.impl.DocumentStoreImplTest.stage4TestMaxDocBytesViaSearch  Time elapsed: 0.013 s  <<< FAILURE!
org.opentest4j.AssertionFailedError: uri2 should've been pushed out memory ==> expected: <null> but was: <edu.yu.cs.com1320.project.stage5.impl.DocumentImpl@9b7d342e>
	at edu.yu.cs.com1320.project.stage4.impl.DocumentStoreImplTest.stage4TestMaxDocBytesViaSearch(DocumentStoreImplTest.java:258)

edu.yu.cs.com1320.project.stage4.impl.DocumentStoreImplTest.stage4TestMaxDocCountViaPut  Time elapsed: 0.007 s  <<< FAILURE!
org.opentest4j.AssertionFailedError: uri1 should've been pushed out of memory when uri3 was inserted ==> expected: <null> but was: <edu.yu.cs.com1320.project.stage5.impl.DocumentImpl@ecc1417b>
	at edu.yu.cs.com1320.project.stage4.impl.DocumentStoreImplTest.stage4TestMaxDocCountViaPut(DocumentStoreImplTest.java:157)

edu.yu.cs.com1320.project.stage4.impl.DocumentStoreImplTest.stage4TestMaxDocsWhenDoubleMaxViaPut  Time elapsed: 0.005 s  <<< FAILURE!
org.opentest4j.AssertionFailedError: uri1 should've been pushed out of memory when uri3 was inserted ==> expected: <null> but was: <edu.yu.cs.com1320.project.stage5.impl.DocumentImpl@d3759d16>
	at edu.yu.cs.com1320.project.stage4.impl.DocumentStoreImplTest.stage4TestMaxDocsWhenDoubleMaxViaPut(DocumentStoreImplTest.java:303)

edu.yu.cs.com1320.project.stage4.impl.DocumentStoreImplTest.stage4TestMaxBytesWhenDoubleMaxViaPut  Time elapsed: 0.006 s  <<< FAILURE!
org.opentest4j.AssertionFailedError: uri1 should've been pushed out of memory when uri3 was inserted ==> expected: <null> but was: <edu.yu.cs.com1320.project.stage5.impl.DocumentImpl@d3759d16>
	at edu.yu.cs.com1320.project.stage4.impl.DocumentStoreImplTest.stage4TestMaxBytesWhenDoubleMaxViaPut(DocumentStoreImplTest.java:322)

edu.yu.cs.com1320.project.stage4.impl.DocumentStoreImplTest.stage4TestUndoAfterMaxBytes  Time elapsed: 0.005 s  <<< FAILURE!
org.opentest4j.AssertionFailedError: uri1 should've been pushed out of memory ==> expected: <null> but was: <edu.yu.cs.com1320.project.stage5.impl.DocumentImpl@d3759d16>
	at edu.yu.cs.com1320.project.stage4.impl.DocumentStoreImplTest.stage4TestUndoAfterMaxBytes(DocumentStoreImplTest.java:281)

edu.yu.cs.com1320.project.stage4.impl.DocumentStoreImplTest.stage4TestUndoAfterMaxDocCount  Time elapsed: 0.004 s  <<< FAILURE!
org.opentest4j.AssertionFailedError: uri1 should've been pushed out of memory ==> expected: <null> but was: <edu.yu.cs.com1320.project.stage5.impl.DocumentImpl@ecc1417b>
	at edu.yu.cs.com1320.project.stage4.impl.DocumentStoreImplTest.stage4TestUndoAfterMaxDocCount(DocumentStoreImplTest.java:208)

edu.yu.cs.com1320.project.stage4.impl.DocumentStoreImplTest.stage4TestMaxDocBytesViaPut  Time elapsed: 0.005 s  <<< FAILURE!
org.opentest4j.AssertionFailedError: uri1 should've been pushed out of memory when uri3 was inserted ==> expected: <null> but was: <edu.yu.cs.com1320.project.stage5.impl.DocumentImpl@d3759d16>
	at edu.yu.cs.com1320.project.stage4.impl.DocumentStoreImplTest.stage4TestMaxDocBytesViaPut(DocumentStoreImplTest.java:230)

edu.yu.cs.com1320.project.stage4.impl.DocumentStoreImplTest.stage4TestMaxDocCountViaSearch  Time elapsed: 0.008 s  <<< FAILURE!
org.opentest4j.AssertionFailedError: uri2 should not still be in memory ==> expected: <null> but was: <edu.yu.cs.com1320.project.stage5.impl.DocumentImpl@9b7d342e>
	at edu.yu.cs.com1320.project.stage4.impl.DocumentStoreImplTest.stage4TestMaxDocCountViaSearch(DocumentStoreImplTest.java:185)

